[2020-01-03 15:42:00.393] [exthost] [info] extension host started
[2020-01-03 15:42:00.595] [exthost] [info] ExtensionService#_doActivateExtension vscode.configuration-editing {"startup":false,"activationEvent":"onLanguage:jsonc"}
[2020-01-03 15:42:00.595] [exthost] [info] ExtensionService#loadCommonJSModule /home/chloe/Workspace/spring-tool-suite-4-4.4.1.RELEASE-e4.13.0-linux.gtk.x86_64/sts-4.4.1.RELEASE/plugins/com.genuitec.eclipse.code.engine.app.linux.x86_64_3.6.0.201910290238/engine/resources/app/extensions/configuration-editing/dist/extension
[2020-01-03 15:42:00.633] [exthost] [info] ExtensionService#_doActivateExtension vscode.json-language-features {"startup":false,"activationEvent":"onLanguage:jsonc"}
[2020-01-03 15:42:00.633] [exthost] [info] ExtensionService#loadCommonJSModule /home/chloe/Workspace/spring-tool-suite-4-4.4.1.RELEASE-e4.13.0-linux.gtk.x86_64/sts-4.4.1.RELEASE/plugins/com.genuitec.eclipse.code.engine.app.linux.x86_64_3.6.0.201910290238/engine/resources/app/extensions/json-language-features/client/dist/jsonMain
[2020-01-03 15:42:00.893] [exthost] [info] ExtensionService#_doActivateExtension vscode.typescript-language-features {"startup":false,"activationEvent":"onLanguage:jsonc"}
[2020-01-03 15:42:00.893] [exthost] [info] ExtensionService#loadCommonJSModule /home/chloe/Workspace/spring-tool-suite-4-4.4.1.RELEASE-e4.13.0-linux.gtk.x86_64/sts-4.4.1.RELEASE/plugins/com.genuitec.eclipse.code.engine.app.linux.x86_64_3.6.0.201910290238/engine/resources/app/extensions/typescript-language-features/dist/extension
[2020-01-03 15:42:01.063] [exthost] [info] ExtensionService#_doActivateExtension HookyQR.beautify {"startup":true,"activationEvent":"*"}
[2020-01-03 15:42:01.063] [exthost] [info] ExtensionService#loadCommonJSModule /home/chloe/Workspace/spring-tool-suite-4-4.4.1.RELEASE-e4.13.0-linux.gtk.x86_64/sts-4.4.1.RELEASE/plugins/pack.core.linux_3.6.0.201910290238/HookyQR.beautify-1.4.11/extension
[2020-01-03 15:42:01.152] [exthost] [info] ExtensionService#_doActivateExtension christian-kohler.path-intellisense {"startup":true,"activationEvent":"*"}
[2020-01-03 15:42:01.152] [exthost] [info] ExtensionService#loadCommonJSModule /home/chloe/Workspace/spring-tool-suite-4-4.4.1.RELEASE-e4.13.0-linux.gtk.x86_64/sts-4.4.1.RELEASE/plugins/pack.core.linux_3.6.0.201910290238/christian-kohler.path-intellisense-1.4.2/out/src/extension
[2020-01-03 15:42:01.169] [exthost] [info] ExtensionService#_doActivateExtension dbaeumer.vscode-eslint {"startup":true,"activationEvent":"*"}
[2020-01-03 15:42:01.169] [exthost] [info] ExtensionService#loadCommonJSModule /home/chloe/Workspace/spring-tool-suite-4-4.4.1.RELEASE-e4.13.0-linux.gtk.x86_64/sts-4.4.1.RELEASE/plugins/pack.core.linux_3.6.0.201910290238/dbaeumer.vscode-eslint-1.9.0/client/out/extension
[2020-01-03 15:42:01.276] [exthost] [info] ExtensionService#_doActivateExtension vscode.debug-auto-launch {"startup":true,"activationEvent":"*"}
[2020-01-03 15:42:01.276] [exthost] [info] ExtensionService#loadCommonJSModule /home/chloe/Workspace/spring-tool-suite-4-4.4.1.RELEASE-e4.13.0-linux.gtk.x86_64/sts-4.4.1.RELEASE/plugins/com.genuitec.eclipse.code.engine.app.linux.x86_64_3.6.0.201910290238/engine/resources/app/extensions/debug-auto-launch/dist/extension
[2020-01-03 15:42:01.282] [exthost] [info] ExtensionService#_doActivateExtension vscode.emmet {"startup":true,"activationEvent":"*"}
[2020-01-03 15:42:01.282] [exthost] [info] ExtensionService#loadCommonJSModule /home/chloe/Workspace/spring-tool-suite-4-4.4.1.RELEASE-e4.13.0-linux.gtk.x86_64/sts-4.4.1.RELEASE/plugins/com.genuitec.eclipse.code.engine.app.linux.x86_64_3.6.0.201910290238/engine/resources/app/extensions/emmet/dist/extension
[2020-01-03 15:42:01.329] [exthost] [info] ExtensionService#_doActivateExtension formulahendry.auto-close-tag {"startup":true,"activationEvent":"*"}
[2020-01-03 15:42:01.329] [exthost] [info] ExtensionService#loadCommonJSModule /home/chloe/Workspace/spring-tool-suite-4-4.4.1.RELEASE-e4.13.0-linux.gtk.x86_64/sts-4.4.1.RELEASE/plugins/pack.core.linux_3.6.0.201910290238/formulahendry.auto-close-tag-0.5.6/out/src/extension
[2020-01-03 15:42:01.332] [exthost] [info] eager extensions activated
[2020-01-03 15:42:01.635] [exthost] [info] extension host started
[2020-01-03 15:42:01.663] [exthost] [info] ExtensionService#_doActivateExtension HookyQR.beautify {"startup":true,"activationEvent":"*"}
[2020-01-03 15:42:01.663] [exthost] [info] ExtensionService#loadCommonJSModule /home/chloe/Workspace/spring-tool-suite-4-4.4.1.RELEASE-e4.13.0-linux.gtk.x86_64/sts-4.4.1.RELEASE/plugins/pack.core.linux_3.6.0.201910290238/HookyQR.beautify-1.4.11/extension
[2020-01-03 15:42:01.761] [exthost] [info] ExtensionService#_doActivateExtension christian-kohler.path-intellisense {"startup":true,"activationEvent":"*"}
[2020-01-03 15:42:01.761] [exthost] [info] ExtensionService#loadCommonJSModule /home/chloe/Workspace/spring-tool-suite-4-4.4.1.RELEASE-e4.13.0-linux.gtk.x86_64/sts-4.4.1.RELEASE/plugins/pack.core.linux_3.6.0.201910290238/christian-kohler.path-intellisense-1.4.2/out/src/extension
[2020-01-03 15:42:01.782] [exthost] [info] ExtensionService#_doActivateExtension dbaeumer.vscode-eslint {"startup":true,"activationEvent":"*"}
[2020-01-03 15:42:01.782] [exthost] [info] ExtensionService#loadCommonJSModule /home/chloe/Workspace/spring-tool-suite-4-4.4.1.RELEASE-e4.13.0-linux.gtk.x86_64/sts-4.4.1.RELEASE/plugins/pack.core.linux_3.6.0.201910290238/dbaeumer.vscode-eslint-1.9.0/client/out/extension
[2020-01-03 15:42:01.892] [exthost] [info] ExtensionService#_doActivateExtension vscode.debug-auto-launch {"startup":true,"activationEvent":"*"}
[2020-01-03 15:42:01.892] [exthost] [info] ExtensionService#loadCommonJSModule /home/chloe/Workspace/spring-tool-suite-4-4.4.1.RELEASE-e4.13.0-linux.gtk.x86_64/sts-4.4.1.RELEASE/plugins/com.genuitec.eclipse.code.engine.app.linux.x86_64_3.6.0.201910290238/engine/resources/app/extensions/debug-auto-launch/dist/extension
[2020-01-03 15:42:01.898] [exthost] [info] ExtensionService#_doActivateExtension vscode.emmet {"startup":true,"activationEvent":"*"}
[2020-01-03 15:42:01.898] [exthost] [info] ExtensionService#loadCommonJSModule /home/chloe/Workspace/spring-tool-suite-4-4.4.1.RELEASE-e4.13.0-linux.gtk.x86_64/sts-4.4.1.RELEASE/plugins/com.genuitec.eclipse.code.engine.app.linux.x86_64_3.6.0.201910290238/engine/resources/app/extensions/emmet/dist/extension
[2020-01-03 15:42:01.944] [exthost] [info] ExtensionService#_doActivateExtension formulahendry.auto-close-tag {"startup":true,"activationEvent":"*"}
[2020-01-03 15:42:01.944] [exthost] [info] ExtensionService#loadCommonJSModule /home/chloe/Workspace/spring-tool-suite-4-4.4.1.RELEASE-e4.13.0-linux.gtk.x86_64/sts-4.4.1.RELEASE/plugins/pack.core.linux_3.6.0.201910290238/formulahendry.auto-close-tag-0.5.6/out/src/extension
[2020-01-03 15:42:01.947] [exthost] [info] ExtensionService#_doActivateExtension vscode.configuration-editing {"startup":false,"activationEvent":"onLanguage:jsonc"}
[2020-01-03 15:42:01.947] [exthost] [info] ExtensionService#loadCommonJSModule /home/chloe/Workspace/spring-tool-suite-4-4.4.1.RELEASE-e4.13.0-linux.gtk.x86_64/sts-4.4.1.RELEASE/plugins/com.genuitec.eclipse.code.engine.app.linux.x86_64_3.6.0.201910290238/engine/resources/app/extensions/configuration-editing/dist/extension
[2020-01-03 15:42:01.964] [exthost] [info] ExtensionService#_doActivateExtension vscode.json-language-features {"startup":false,"activationEvent":"onLanguage:jsonc"}
[2020-01-03 15:42:01.964] [exthost] [info] ExtensionService#loadCommonJSModule /home/chloe/Workspace/spring-tool-suite-4-4.4.1.RELEASE-e4.13.0-linux.gtk.x86_64/sts-4.4.1.RELEASE/plugins/com.genuitec.eclipse.code.engine.app.linux.x86_64_3.6.0.201910290238/engine/resources/app/extensions/json-language-features/client/dist/jsonMain
[2020-01-03 15:42:02.150] [exthost] [info] ExtensionService#_doActivateExtension vscode.typescript-language-features {"startup":false,"activationEvent":"onLanguage:jsonc"}
[2020-01-03 15:42:02.150] [exthost] [info] ExtensionService#loadCommonJSModule /home/chloe/Workspace/spring-tool-suite-4-4.4.1.RELEASE-e4.13.0-linux.gtk.x86_64/sts-4.4.1.RELEASE/plugins/com.genuitec.eclipse.code.engine.app.linux.x86_64_3.6.0.201910290238/engine/resources/app/extensions/typescript-language-features/dist/extension
[2020-01-03 15:42:02.299] [exthost] [info] ExtensionService#_doActivateExtension vscode.grunt {"startup":false,"activationEvent":"onCommand:workbench.action.tasks.runTask"}
[2020-01-03 15:42:02.299] [exthost] [info] ExtensionService#loadCommonJSModule /home/chloe/Workspace/spring-tool-suite-4-4.4.1.RELEASE-e4.13.0-linux.gtk.x86_64/sts-4.4.1.RELEASE/plugins/com.genuitec.eclipse.code.engine.app.linux.x86_64_3.6.0.201910290238/engine/resources/app/extensions/grunt/dist/main
[2020-01-03 15:42:02.307] [exthost] [info] ExtensionService#_doActivateExtension vscode.gulp {"startup":false,"activationEvent":"onCommand:workbench.action.tasks.runTask"}
[2020-01-03 15:42:02.307] [exthost] [info] ExtensionService#loadCommonJSModule /home/chloe/Workspace/spring-tool-suite-4-4.4.1.RELEASE-e4.13.0-linux.gtk.x86_64/sts-4.4.1.RELEASE/plugins/com.genuitec.eclipse.code.engine.app.linux.x86_64_3.6.0.201910290238/engine/resources/app/extensions/gulp/dist/main
[2020-01-03 15:42:02.315] [exthost] [info] ExtensionService#_doActivateExtension vscode.jake {"startup":false,"activationEvent":"onCommand:workbench.action.tasks.runTask"}
[2020-01-03 15:42:02.315] [exthost] [info] ExtensionService#loadCommonJSModule /home/chloe/Workspace/spring-tool-suite-4-4.4.1.RELEASE-e4.13.0-linux.gtk.x86_64/sts-4.4.1.RELEASE/plugins/com.genuitec.eclipse.code.engine.app.linux.x86_64_3.6.0.201910290238/engine/resources/app/extensions/jake/dist/main
[2020-01-03 15:42:02.322] [exthost] [info] ExtensionService#_doActivateExtension vscode.npm {"startup":false,"activationEvent":"onCommand:workbench.action.tasks.runTask"}
[2020-01-03 15:42:02.322] [exthost] [info] ExtensionService#loadCommonJSModule /home/chloe/Workspace/spring-tool-suite-4-4.4.1.RELEASE-e4.13.0-linux.gtk.x86_64/sts-4.4.1.RELEASE/plugins/com.genuitec.eclipse.code.engine.app.linux.x86_64_3.6.0.201910290238/engine/resources/app/extensions/npm/dist/main
[2020-01-03 15:42:02.369] [exthost] [info] eager extensions activated
[2020-01-03 15:42:15.362] [exthost] [info] ExtensionService#_doActivateExtension vscode.html-language-features {"startup":false,"activationEvent":"onLanguage:html"}
[2020-01-03 15:42:15.362] [exthost] [info] ExtensionService#loadCommonJSModule /home/chloe/Workspace/spring-tool-suite-4-4.4.1.RELEASE-e4.13.0-linux.gtk.x86_64/sts-4.4.1.RELEASE/plugins/com.genuitec.eclipse.code.engine.app.linux.x86_64_3.6.0.201910290238/engine/resources/app/extensions/html-language-features/client/dist/htmlMain
[2020-01-03 15:42:15.533] [exthost] [info] ExtensionService#_doActivateExtension mkaufman.HTMLHint {"startup":false,"activationEvent":"onLanguage:html"}
[2020-01-03 15:42:15.533] [exthost] [info] ExtensionService#loadCommonJSModule /home/chloe/Workspace/spring-tool-suite-4-4.4.1.RELEASE-e4.13.0-linux.gtk.x86_64/sts-4.4.1.RELEASE/plugins/pack.core.linux_3.6.0.201910290238/mkaufman.HTMLHint-0.6.0/out/extension
